<?xml version="1.0" encoding="utf-8"?><testsuites name="pytest tests"><testsuite name="pytest" errors="0" failures="0" skipped="0" tests="14" time="1.276" timestamp="2026-08-10T07:03:56.299174+00:00" hostname="agent-env-160afd54-8b1c-4e5e-9f58-eee49e7ee257"><testcase classname="tests.backend_test.TestServices" name="test_list" time="0.235" /><testcase classname="tests.backend_test.TestContact" name="test_valid_submit_and_persist" time="0.389" /><testcase classname="tests.backend_test.TestServices" name="test_detail" time="0.048" /><testcase classname="tests.backend_test.TestServices" name="test_404" time="0.046" /><testcase classname="tests.backend_test.TestIndustries" name="test_list" time="0.043" /><testcase classname="tests.backend_test.TestIndustries" name="test_detail" time="0.083" /><testcase classname="tests.backend_test.TestContact" name="test_honeypot_not_persisted" time="0.089" /><testcase classname="tests.backend_test.TestCaseStudies" name="test_list" time="0.044" /><testcase classname="tests.backend_test.TestContact" name="test_invalid_email" time="0.045" /><testcase classname="tests.backend_test.TestCaseStudies" name="test_detail" time="0.045" /><testcase classname="tests.backend_test.TestContact" name="test_short_message" time="0.085" /><testcase classname="tests.backend_test.TestPosts" name="test_list_sorted" time="0.040" /><testcase classname="tests.backend_test.TestPosts" name="test_detail" time="0.046" /><testcase classname="tests.backend_test.TestFAQs" name="test_list" time="0.044" /></testsuite></testsuites>